<?xml version="1.0" encoding="UTF-8"?>
<!-- Generated by org.testng.reporters.JUnitXMLReporter -->
<testsuite ignored="0" hostname="DESKTOP-NHR2KTO" failures="1" tests="1" name="Test" time="67.386" errors="0" timestamp="2022-12-09T09:33:18 IST">
  <testcase classname="com.amazon.testing.automation.AmazonSearchTest" name="searchTest" time="21.507">
    <failure type="java.lang.AssertionError" message="The following asserts failed:
	Item with cost 19990 fetched in search results expected [true] but found [false],
	Item with cost 19999 fetched in search results expected [true] but found [false],
	Item with cost 19990 fetched in search results expected [true] but found [false],
	Item with cost 19999 fetched in search results expected [true] but found [false],
	Item with cost 19990 fetched in search results expected [true] but found [false],
	Item with cost 19999 fetched in search results expected [true] but found [false],
	Item with cost 19990 fetched in search results expected [true] but found [false],
	Item with cost 19999 fetched in search results expected [true] but found [false]">
      <![CDATA[java.lang.AssertionError: The following asserts failed:
Item with cost 19990 fetched in search results expected [true] but found [false],
Item with cost 19999 fetched in search results expected [true] but found [false],
Item with cost 19990 fetched in search results expected [true] but found [false],
Item with cost 19999 fetched in search results expected [true] but found [false],
Item with cost 19990 fetched in search results expected [true] but found [false],
Item with cost 19999 fetched in search results expected [true] but found [false],
Item with cost 19990 fetched in search results expected [true] but found [false],
Item with cost 19999 fetched in search results expected [true] but found [false]
at com.amazon.testing.automation.AmazonSearchTest.searchTest(AmazonSearchTest.java:54)
at java.base/java.util.ArrayList.forEach(ArrayList.java:1511)
... Removed 29 stack frames]]>
    </failure>
  </testcase> <!-- searchTest -->
</testsuite> <!-- Test -->
